  Ряды.cpp
e:\новая папка\непонятный предмет добряка\ряды\ряды\ряды.cpp(12): error C2365: pow: переопределение; предыдущим определением было "функция"
e:\новая папка\непонятный предмет добряка\ряды\ряды\ряды.cpp(14): error C2365: exp: переопределение; предыдущим определением было "функция"
e:\новая папка\непонятный предмет добряка\ряды\ряды\ряды.cpp(15): error C2365: sin: переопределение; предыдущим определением было "функция"
e:\новая папка\непонятный предмет добряка\ряды\ряды\ряды.cpp(16): error C2365: cos: переопределение; предыдущим определением было "функция"
e:\новая папка\непонятный предмет добряка\ряды\ряды\ряды.cpp(48): error C3861: mem: идентификатор не найден
e:\новая папка\непонятный предмет добряка\ряды\ряды\ряды.cpp(65): error C2563: несоответствие в списке формальных параметров
e:\новая папка\непонятный предмет добряка\ряды\ряды\ряды.cpp(67): error C2563: несоответствие в списке формальных параметров
e:\новая папка\непонятный предмет добряка\ряды\ряды\ряды.cpp(68): error C2563: несоответствие в списке формальных параметров
e:\новая папка\непонятный предмет добряка\ряды\ряды\ряды.cpp(69): error C2563: несоответствие в списке формальных параметров
e:\новая папка\непонятный предмет добряка\ряды\ряды\ряды.cpp(72): error C2664: "double mem(int,int,double,double,double,double,std::function<double (double,double,double,double)>,std::function<double (double,double)>,double [][20])": невозможно преобразовать аргумент 9 из "overloaded-function" в "double [][20]"
  e:\новая папка\непонятный предмет добряка\ряды\ряды\ряды.cpp(72): note: Контекст не позволяет устранить неоднозначность перегруженной функции
e:\новая папка\непонятный предмет добряка\ряды\ряды\ряды.cpp(73): error C2664: "double mem(int,int,double,double,double,double,std::function<double (double,double,double,double)>,std::function<double (double,double)>,double [][20])": невозможно преобразовать аргумент 9 из "overloaded-function" в "double [][20]"
  e:\новая папка\непонятный предмет добряка\ряды\ряды\ряды.cpp(73): note: Контекст не позволяет устранить неоднозначность перегруженной функции
e:\новая папка\непонятный предмет добряка\ряды\ряды\ряды.cpp(74): error C2664: "double mem(int,int,double,double,double,double,std::function<double (double,double,double,double)>,std::function<double (double,double)>,double [][20])": невозможно преобразовать аргумент 9 из "overloaded-function" в "double [][20]"
  e:\новая папка\непонятный предмет добряка\ряды\ряды\ряды.cpp(74): note: Контекст не позволяет устранить неоднозначность перегруженной функции
e:\новая папка\непонятный предмет добряка\ряды\ряды\ряды.cpp(75): error C2664: "double mem(int,int,double,double,double,double,std::function<double (double,double,double,double)>,std::function<double (double,double)>,double [][20])": невозможно преобразовать аргумент 9 из "overloaded-function" в "double [][20]"
  e:\новая папка\непонятный предмет добряка\ряды\ряды\ряды.cpp(75): note: Контекст не позволяет устранить неоднозначность перегруженной функции
e:\новая папка\непонятный предмет добряка\ряды\ряды\ряды.cpp(77): error C2664: "double mem(int,int,double,double,double,double,std::function<double (double,double,double,double)>,std::function<double (double,double)>,double [][20])": невозможно преобразовать аргумент 9 из "overloaded-function" в "double [][20]"
  e:\новая папка\непонятный предмет добряка\ряды\ряды\ряды.cpp(77): note: Контекст не позволяет устранить неоднозначность перегруженной функции
